2021-04-02 00:09:07.1148 [INFO] 로그인 시도 중...
2021-04-02 00:09:20.8132 [INFO] 로그인 성공.
2021-04-02 00:48:08.1818 [INFO] 로그인 시도 중...
2021-04-02 00:48:20.2506 [INFO] 로그인 성공.
2021-04-02 00:49:21.1316 [INFO] 로그인 시도 중...
2021-04-02 00:49:32.9352 [INFO] 로그인 성공.
2021-04-02 00:49:33.2574 [INFO] stockdb
2021-04-02 14:54:28.7125 [INFO] 로그인 시도 중...
2021-04-02 14:55:03.0573 [INFO] 로그인 성공.
2021-04-02 14:59:06.5429 [INFO] 로그인 시도 중...
2021-04-02 14:59:13.9785 [INFO] 로그인 성공.
2021-04-02 14:59:15.9181 [INFO] axKHOpenAPI1_OnReceiveConditionVer
2021-04-02 15:41:05.6839 [INFO] 로그인 시도 중...
2021-04-02 15:41:17.1861 [INFO] 로그인 성공.
2021-04-02 15:41:19.1397 [DEBUG] axKHOpenAPI1_OnReceiveConditionVer
2021-04-02 15:41:19.1602 [INFO] 사용자 조건식 조회 완료
2021-04-02 15:45:22.8122 [INFO] 로그인 시도 중...
2021-04-02 15:45:34.5525 [INFO] 로그인 성공.
2021-04-02 15:45:36.5231 [DEBUG] axKHOpenAPI1_OnReceiveConditionVer
2021-04-02 15:45:36.5451 [INFO] 사용자 조건식 조회 완료
2021-04-02 15:46:06.7732 [DEBUG] todayJumpItemButton_Click
2021-04-02 15:46:09.6053 [DEBUG] yesterdayHighestVolumeItemButton_Click
2021-04-02 15:46:12.3245 [DEBUG] todayJumpItemButton_Click
2021-04-02 15:46:13.7328 [DEBUG] yesterdayHighestVolumeItemButton_Click
2021-04-02 15:46:15.3158 [DEBUG] todayJumpItemButton_Click
2021-04-02 15:56:35.4749 [INFO] 로그인 시도 중...
2021-04-02 15:56:42.5274 [INFO] 로그인 성공.
2021-04-02 15:56:44.2918 [DEBUG] axKHOpenAPI1_OnReceiveConditionVer
2021-04-02 15:56:44.3128 [INFO] 사용자 조건식 조회 완료
2021-04-02 15:57:07.0705 [DEBUG] todayJumpItemButton_Click
2021-04-02 15:57:07.0785 [DEBUG] test
2021-04-02 15:57:11.0513 [DEBUG] todayJumpItemButton_Click
2021-04-02 15:57:11.0583 [DEBUG] test
2021-04-02 16:09:39.8158 [INFO] 로그인 시도 중...
2021-04-02 16:09:50.8667 [INFO] 로그인 성공.
2021-04-02 16:09:55.3019 [DEBUG] axKHOpenAPI1_OnReceiveConditionVer
2021-04-02 16:09:55.3209 [INFO] 사용자 조건식 조회 완료
2021-04-02 16:16:18.8701 [INFO] 로그인 시도 중...
2021-04-02 16:16:26.2147 [INFO] 로그인 성공. 2021-04-02 오후 4:16:26
2021-04-02 16:16:28.0412 [DEBUG] axKHOpenAPI1_OnReceiveConditionVer
2021-04-02 16:16:28.0602 [INFO] 사용자 조건식 조회 완료
2021-04-02 16:19:22.6225 [INFO] 로그인 시도 중...
2021-04-02 16:19:29.6241 [INFO] 로그인 성공. 2021-04-02 오후 4:19:29
2021-04-02 16:19:31.4682 [DEBUG] axKHOpenAPI1_OnReceiveConditionVer
2021-04-02 16:19:31.4881 [INFO] 사용자 조건식 조회 완료
2021-04-02 16:21:29.1017 [INFO] 로그인 시도 중...
2021-04-02 16:21:36.1020 [INFO] 로그인 성공. 2021-04-02 오후 4:21:36
2021-04-02 16:21:37.9071 [DEBUG] axKHOpenAPI1_OnReceiveConditionVer
2021-04-02 16:21:37.9291 [INFO] 사용자 조건식 조회 완료
2021-04-02 16:24:40.7187 [INFO] 로그인 시도 중...
2021-04-02 16:24:51.8041 [INFO] 로그인 성공. 2021-04-02 오후 4:24:51
2021-04-02 16:24:53.5977 [DEBUG] axKHOpenAPI1_OnReceiveConditionVer
2021-04-02 16:24:53.6177 [INFO] 사용자 조건식 조회 완료
2021-04-02 16:25:00.9534 [DEBUG] todayJumpItemButton_Click
2021-04-02 16:25:06.5441 [DEBUG] todayJumpItemButton_Click
2021-04-02 16:25:08.2565 [DEBUG] todayJumpItemButton_Click
2021-04-02 16:25:09.6403 [DEBUG] todayJumpItemButton_Click
2021-04-02 16:25:10.7922 [DEBUG] todayJumpItemButton_Click
2021-04-02 16:25:11.7210 [DEBUG] todayJumpItemButton_Click
2021-04-02 16:25:12.6172 [DEBUG] todayJumpItemButton_Click
2021-04-02 18:39:57.3686 [INFO] 로그인 시도 중...
2021-04-02 18:40:07.1816 [INFO] 로그인 성공. 2021-04-02 오후 6:40:07
2021-04-02 18:40:10.0939 [DEBUG] axKHOpenAPI1_OnReceiveConditionVer
2021-04-02 18:40:10.1159 [INFO] 사용자 조건식 조회 완료
2021-04-02 18:42:51.9275 [INFO] 로그인 시도 중...
2021-04-02 18:43:03.8082 [INFO] 로그인 성공. 2021-04-02 오후 6:43:03
2021-04-02 18:43:05.7263 [DEBUG] axKHOpenAPI1_OnReceiveConditionVer
2021-04-02 18:43:05.7473 [INFO] 사용자 조건식 조회 완료
2021-04-02 18:43:21.6019 [DEBUG] todayJumpItemButton_Click
2021-04-02 18:43:21.6019 [DEBUG] searchTodayJumpItem
2021-04-02 18:43:21.6779 [DEBUG] axKHOpenAPI1_OnReceiveTrCondition
2021-04-02 18:45:44.6640 [INFO] 로그인 시도 중...
2021-04-02 18:45:56.3171 [INFO] 로그인 성공. 2021-04-02 오후 6:45:56
2021-04-02 18:45:58.1384 [DEBUG] axKHOpenAPI1_OnReceiveConditionVer
2021-04-02 18:45:58.1594 [INFO] 사용자 조건식 조회 완료
2021-04-02 18:46:32.1648 [DEBUG] todayJumpItemButton_Click
2021-04-02 18:46:32.1758 [DEBUG] searchTodayJumpItem
2021-04-02 18:46:32.2422 [DEBUG] axKHOpenAPI1_OnReceiveTrCondition
2021-04-02 18:59:37.8464 [INFO] 로그인 시도 중...
2021-04-02 18:59:49.4677 [INFO] 로그인 성공. 2021-04-02 오후 6:59:49
2021-04-02 18:59:51.4868 [DEBUG] axKHOpenAPI1_OnReceiveConditionVer
2021-04-02 18:59:51.5108 [INFO] 사용자 조건식 조회 완료
2021-04-02 19:00:45.7851 [DEBUG] todayJumpItemButton_Click
2021-04-02 19:00:45.7851 [DEBUG] searchTodayJumpItem
2021-04-02 19:00:45.8614 [DEBUG] axKHOpenAPI1_OnReceiveTrCondition
2021-04-02 19:00:45.8684 [DEBUG] requestTrOpt10001
2021-04-02 19:00:45.8684 [DEBUG] requestTrOpt10001
2021-04-02 19:02:54.2799 [DEBUG] yesterdayHighestVolumeItemButton_Click
2021-04-02 19:02:54.2879 [DEBUG] searchTodayJumpItem
2021-04-02 19:02:54.3439 [DEBUG] axKHOpenAPI1_OnReceiveTrCondition
2021-04-02 19:02:54.3519 [DEBUG] requestTrOpt10001
2021-04-02 19:02:54.3519 [DEBUG] requestTrOpt10001
2021-04-02 19:02:54.3699 [DEBUG] requestTrOpt10001
2021-04-02 19:02:54.3699 [DEBUG] requestTrOpt10001
2021-04-02 19:03:10.4250 [DEBUG] todayJumpItemButton_Click
2021-04-02 19:03:10.4250 [DEBUG] searchTodayJumpItem
2021-04-02 19:03:10.5051 [DEBUG] axKHOpenAPI1_OnReceiveTrCondition
2021-04-02 19:03:10.5051 [DEBUG] requestTrOpt10001
2021-04-02 19:03:10.5271 [DEBUG] requestTrOpt10001
2021-04-02 19:03:12.6317 [DEBUG] yesterdayHighestVolumeItemButton_Click
2021-04-02 19:03:12.6317 [DEBUG] searchTodayJumpItem
2021-04-02 19:03:16.6819 [DEBUG] yesterdayHighestVolumeItemButton_Click
2021-04-02 19:03:16.6819 [DEBUG] searchTodayJumpItem
2021-04-02 19:03:38.7685 [DEBUG] yesterdayHighestVolumeItemButton_Click
2021-04-02 19:03:38.7765 [DEBUG] searchTodayJumpItem
2021-04-02 19:18:29.1118 [DEBUG] yesterdayHighestVolumeItemButton_Click
2021-04-02 19:18:29.1194 [DEBUG] searchTodayJumpItem
2021-04-02 19:18:29.1948 [DEBUG] axKHOpenAPI1_OnReceiveTrCondition
2021-04-02 19:18:29.1948 [DEBUG] requestTrOpt10001
2021-04-02 19:18:29.2103 [DEBUG] requestTrOpt10001
2021-04-02 19:18:29.2103 [DEBUG] requestTrOpt10001
2021-04-02 19:18:29.2253 [DEBUG] requestTrOpt10001
2021-04-02 19:22:34.2083 [INFO] 로그인 시도 중...
2021-04-02 19:22:42.2742 [INFO] 로그인 성공. 2021-04-02 오후 7:22:42
2021-04-02 19:22:43.0705 [DEBUG] axKHOpenAPI1_OnReceiveConditionVer
2021-04-02 19:22:43.0915 [INFO] 사용자 조건식 로딩 완료
2021-04-02 19:23:19.0940 [DEBUG] yesterdayHighestVolumeItemButton_Click
2021-04-02 19:23:19.1020 [DEBUG] searchTodayJumpItem
2021-04-02 19:23:19.1792 [DEBUG] axKHOpenAPI1_OnReceiveTrCondition
2021-04-02 19:23:19.1792 [DEBUG] requestTrOpt10001:039610
2021-04-02 19:23:19.2022 [DEBUG] requestTrOpt10001:042510
2021-04-02 19:23:19.2102 [DEBUG] requestTrOpt10001:095720
2021-04-02 19:23:19.2102 [DEBUG] requestTrOpt10001:322780
2021-04-02 20:55:27.0335 [INFO] 로그인 시도 중...
2021-04-02 20:55:35.1215 [INFO] 로그인 성공. 2021-04-02 오후 8:55:35
2021-04-02 20:55:35.9665 [DEBUG] axKHOpenAPI1_OnReceiveConditionVer
2021-04-02 20:55:35.9915 [INFO] 사용자 조건식 로딩 완료
2021-04-02 20:55:56.1318 [DEBUG] todayJumpItemButton_Click
2021-04-02 20:55:56.1318 [DEBUG] searchTodayJumpItem
2021-04-02 20:55:56.2109 [DEBUG] axKHOpenAPI1_OnReceiveTrCondition
2021-04-02 20:55:56.2219 [DEBUG] requestTrOpt10001: 066670, trName: 관심종목저장TR요청_총총걸음
2021-04-02 20:55:56.3580 [DEBUG] requestTrOpt10001: 322780, trName: 관심종목저장TR요청_총총걸음
2021-04-02 20:55:56.4235 [DEBUG] axKHOpenAPI1_OnReceiveTrData
2021-04-02 20:58:10.7539 [INFO] 로그인 시도 중...
2021-04-02 20:58:22.9016 [INFO] 로그인 성공. 2021-04-02 오후 8:58:22
2021-04-02 20:58:23.6176 [DEBUG] axKHOpenAPI1_OnReceiveConditionVer
2021-04-02 20:58:23.6406 [INFO] 사용자 조건식 로딩 완료
2021-04-02 20:58:28.1879 [DEBUG] todayJumpItemButton_Click
2021-04-02 20:58:28.1959 [DEBUG] searchTodayJumpItem
2021-04-02 20:58:28.2560 [DEBUG] axKHOpenAPI1_OnReceiveTrCondition
2021-04-02 20:58:28.2560 [DEBUG] requestTrOpt10001: 066670, trName: 관심종목저장TR요청_총총걸음
2021-04-02 20:58:28.3340 [DEBUG] requestTrOpt10001: 322780, trName: 관심종목저장TR요청_총총걸음
2021-04-02 20:58:28.4020 [DEBUG] axKHOpenAPI1_OnReceiveTrData
2021-04-02 20:58:28.4210 [DEBUG] 주식기본정보요청_관심종목저장TR요청_총총걸음
2021-04-02 20:58:28.4360 [DEBUG] axKHOpenAPI1_OnReceiveTrData
2021-04-02 21:01:48.4051 [INFO] 로그인 시도 중...
2021-04-02 21:01:56.6460 [INFO] 로그인 성공. 2021-04-02 오후 9:01:56
2021-04-02 21:01:57.4464 [DEBUG] axKHOpenAPI1_OnReceiveConditionVer
2021-04-02 21:01:57.4684 [INFO] 사용자 조건식 로딩 완료
2021-04-02 21:02:14.7560 [DEBUG] todayJumpItemButton_Click
2021-04-02 21:02:14.7560 [DEBUG] searchTodayJumpItem
2021-04-02 21:02:14.8295 [DEBUG] axKHOpenAPI1_OnReceiveTrCondition
2021-04-02 21:02:14.8375 [DEBUG] requestTrOpt10001: 066670, trName: 관심종목저장TR요청_총총걸음
2021-04-02 21:02:14.9025 [DEBUG] requestTrOpt10001: 322780, trName: 관심종목저장TR요청_총총걸음
2021-04-02 21:02:14.9705 [DEBUG] axKHOpenAPI1_OnReceiveTrData
2021-04-02 21:02:14.9895 [DEBUG] opt10001
2021-04-02 21:02:14.9895 [DEBUG] 주식기본정보요청_관심종목저장TR요청_총총걸음
2021-04-02 21:02:15.0116 [DEBUG] axKHOpenAPI1_OnReceiveTrData
2021-04-02 21:04:46.6258 [INFO] 로그인 시도 중...
2021-04-02 21:04:58.6884 [INFO] 로그인 성공. 2021-04-02 오후 9:04:58
2021-04-02 21:04:59.4559 [DEBUG] axKHOpenAPI1_OnReceiveConditionVer
2021-04-02 21:04:59.4779 [INFO] 사용자 조건식 로딩 완료
2021-04-02 21:05:05.3071 [DEBUG] todayJumpItemButton_Click
2021-04-02 21:05:05.3071 [DEBUG] searchTodayJumpItem
2021-04-02 21:05:05.3861 [DEBUG] axKHOpenAPI1_OnReceiveTrCondition
2021-04-02 21:05:05.3861 [DEBUG] requestTrOpt10001: 066670, trName: 관심종목저장TR요청_총총걸음
2021-04-02 21:05:05.4581 [DEBUG] requestTrOpt10001: 322780, trName: 관심종목저장TR요청_총총걸음
2021-04-02 21:05:05.5221 [DEBUG] axKHOpenAPI1_OnReceiveTrData
2021-04-02 21:05:05.5431 [DEBUG] opt10001
2021-04-02 21:05:05.5521 [DEBUG] 관심종목저장TR요청_총총걸음
2021-04-02 21:05:05.5671 [DEBUG] axKHOpenAPI1_OnReceiveTrData
2021-04-02 21:06:20.1287 [INFO] 로그인 시도 중...
2021-04-02 21:06:28.1347 [INFO] 로그인 성공. 2021-04-02 오후 9:06:28
2021-04-02 21:06:28.8717 [DEBUG] axKHOpenAPI1_OnReceiveConditionVer
2021-04-02 21:06:28.8937 [INFO] 사용자 조건식 로딩 완료
2021-04-02 21:06:32.3557 [DEBUG] todayJumpItemButton_Click
2021-04-02 21:06:32.3638 [DEBUG] searchTodayJumpItem
2021-04-02 21:06:32.4358 [DEBUG] axKHOpenAPI1_OnReceiveTrCondition
2021-04-02 21:06:32.4478 [DEBUG] requestTrOpt10001: 066670, trName: 관심종목저장TR요청_총총걸음
2021-04-02 21:06:32.5098 [DEBUG] requestTrOpt10001: 322780, trName: 관심종목저장TR요청_총총걸음
2021-04-02 21:06:32.5728 [DEBUG] axKHOpenAPI1_OnReceiveTrData
2021-04-02 21:06:32.5839 [DEBUG] opt10001
2021-04-02 21:06:32.5839 [DEBUG] 관심종목저장TR요청_총총걸음
2021-04-02 21:06:32.6068 [DEBUG] opt10001
2021-04-02 21:06:32.6148 [DEBUG] 관심종목저장TR요청_총총걸음
2021-04-02 21:06:32.6288 [DEBUG] axKHOpenAPI1_OnReceiveTrData
2021-04-02 21:06:32.6288 [DEBUG] opt10001
2021-04-02 21:06:32.6438 [DEBUG] 관심종목저장TR요청_총총걸음
2021-04-02 22:47:10.1738 [INFO] 로그인 시도 중...
2021-04-02 22:47:18.6701 [INFO] 로그인 성공. 2021-04-02 오후 10:47:18
2021-04-02 22:47:19.4661 [DEBUG] axKHOpenAPI1_OnReceiveConditionVer
2021-04-02 22:47:19.4891 [INFO] 사용자 조건식 로딩 완료
2021-04-02 22:47:31.6792 [DEBUG] todayJumpItemButton_Click
2021-04-02 22:47:31.6912 [DEBUG] searchTodayJumpItem
2021-04-02 22:47:31.7632 [DEBUG] axKHOpenAPI1_OnReceiveTrCondition
2021-04-02 22:47:31.7732 [DEBUG] requestTrOpt10001: 066670, trName: 관심종목저장TR요청_총총걸음
2021-04-02 22:47:31.8542 [DEBUG] requestTrOpt10001: 322780, trName: 관심종목저장TR요청_총총걸음
2021-04-02 22:47:31.9402 [DEBUG] axKHOpenAPI1_OnReceiveTrData
2021-04-02 22:47:31.9532 [DEBUG] opt10001
2021-04-02 22:47:31.9602 [DEBUG] 주식기본정보요청_관심종목저장TR요청_총총걸음
2021-04-02 22:47:31.9772 [DEBUG] opt10001
2021-04-02 22:47:31.9772 [DEBUG] 주식기본정보요청_관심종목저장TR요청_총총걸음
2021-04-02 22:47:32.0022 [DEBUG] axKHOpenAPI1_OnReceiveTrData
2021-04-02 22:47:32.0112 [DEBUG] opt10001
2021-04-02 22:47:32.0192 [DEBUG] 주식기본정보요청_관심종목저장TR요청_총총걸음
2021-04-02 22:48:52.9357 [INFO] 로그인 시도 중...
2021-04-02 22:49:06.3503 [INFO] 로그인 성공. 2021-04-02 오후 10:49:06
2021-04-02 22:49:07.2143 [DEBUG] axKHOpenAPI1_OnReceiveConditionVer
2021-04-02 22:49:07.2433 [INFO] 사용자 조건식 로딩 완료
2021-04-02 22:49:13.0390 [DEBUG] todayJumpItemButton_Click
2021-04-02 22:49:13.0390 [DEBUG] searchTodayJumpItem
2021-04-02 22:49:13.1101 [DEBUG] axKHOpenAPI1_OnReceiveTrCondition
2021-04-02 22:49:13.1211 [DEBUG] requestTrOpt10001: 066670, trName: 관심종목저장TR요청_총총걸음
2021-04-02 22:49:13.1981 [DEBUG] requestTrOpt10001: 322780, trName: 관심종목저장TR요청_총총걸음
2021-04-02 22:49:13.2741 [DEBUG] axKHOpenAPI1_OnReceiveTrData
2021-04-02 22:49:13.2861 [DEBUG] opt10001
2021-04-02 22:49:13.2861 [DEBUG] 066670
2021-04-02 22:49:13.3140 [DEBUG] opt10001
2021-04-02 22:49:13.3240 [DEBUG] 주식기본정보요청_관심종목저장TR요청_총총걸음
2021-04-02 22:49:13.3411 [DEBUG] axKHOpenAPI1_OnReceiveTrData
2021-04-02 22:49:13.3511 [DEBUG] opt10001
2021-04-02 22:49:13.3511 [DEBUG] 
2021-04-02 22:52:31.4140 [INFO] 로그인 시도 중...
2021-04-02 22:52:44.3111 [INFO] 로그인 성공. 2021-04-02 오후 10:52:44
2021-04-02 22:52:45.1463 [DEBUG] axKHOpenAPI1_OnReceiveConditionVer
2021-04-02 22:52:45.1683 [INFO] 사용자 조건식 로딩 완료
2021-04-02 22:52:56.0248 [DEBUG] todayJumpItemButton_Click
2021-04-02 22:52:56.0248 [DEBUG] searchTodayJumpItem
2021-04-02 22:52:56.0928 [DEBUG] axKHOpenAPI1_OnReceiveTrCondition
2021-04-02 22:52:56.1018 [DEBUG] requestTrOpt10001: 066670, trName: 관심종목저장TR요청_총총걸음
2021-04-02 22:52:56.1798 [DEBUG] requestTrOpt10001: 322780, trName: 관심종목저장TR요청_총총걸음
2021-04-02 22:52:56.2618 [DEBUG] axKHOpenAPI1_OnReceiveTrData
2021-04-02 22:53:02.1548 [DEBUG] opt10001
2021-04-02 22:53:02.1628 [DEBUG] 066670
2021-04-02 22:55:56.2417 [INFO] 로그인 시도 중...
2021-04-02 22:56:08.9007 [INFO] 로그인 성공. 2021-04-02 오후 10:56:08
2021-04-02 22:56:09.6452 [DEBUG] axKHOpenAPI1_OnReceiveConditionVer
2021-04-02 22:56:09.6702 [INFO] 사용자 조건식 로딩 완료
2021-04-02 22:56:14.7026 [DEBUG] todayJumpItemButton_Click
2021-04-02 22:56:14.7116 [DEBUG] searchTodayJumpItem
2021-04-02 22:56:14.7736 [DEBUG] axKHOpenAPI1_OnReceiveTrCondition
2021-04-02 22:56:14.7736 [DEBUG] requestTrOpt10001: 066670, trName: 관심종목저장TR요청_총총걸음
2021-04-02 22:56:17.8754 [DEBUG] requestTrOpt10001: 322780, trName: 관심종목저장TR요청_총총걸음
2021-04-02 22:56:23.9547 [DEBUG] axKHOpenAPI1_OnReceiveTrData
2021-04-02 22:56:34.8308 [DEBUG] opt10001
2021-04-02 22:56:34.8409 [DEBUG] 066670
2021-04-02 22:56:34.8569 [DEBUG] opt10001
2021-04-02 22:56:34.8659 [DEBUG] 주식기본정보요청_관심종목저장TR요청_총총걸음
2021-04-02 22:56:34.8859 [DEBUG] axKHOpenAPI1_OnReceiveTrData
2021-04-02 22:56:58.0457 [INFO] 로그인 시도 중...
2021-04-02 22:57:06.2286 [INFO] 로그인 성공. 2021-04-02 오후 10:57:06
2021-04-02 22:57:06.9867 [DEBUG] axKHOpenAPI1_OnReceiveConditionVer
2021-04-02 22:57:07.0076 [INFO] 사용자 조건식 로딩 완료
2021-04-02 22:57:47.9502 [DEBUG] todayJumpItemButton_Click
2021-04-02 22:57:47.9602 [DEBUG] searchTodayJumpItem
2021-04-02 22:57:48.0322 [DEBUG] axKHOpenAPI1_OnReceiveTrCondition
2021-04-02 22:57:48.0462 [DEBUG] requestTrOpt10001: 066670, trName: 관심종목저장TR요청_총총걸음
2021-04-02 22:57:51.1353 [DEBUG] requestTrOpt10001: 322780, trName: 관심종목저장TR요청_총총걸음
2021-04-02 22:57:57.2153 [DEBUG] axKHOpenAPI1_OnReceiveTrData
2021-04-02 22:57:57.2263 [DEBUG] opt10001
2021-04-02 22:57:57.2263 [DEBUG] 066670
2021-04-02 22:57:57.2523 [DEBUG] opt10001
2021-04-02 22:57:57.2593 [DEBUG] 주식기본정보요청_관심종목저장TR요청_총총걸음
2021-04-02 22:57:57.2743 [DEBUG] axKHOpenAPI1_OnReceiveTrData
2021-04-02 22:57:57.2743 [DEBUG] opt10001
2021-04-02 22:57:57.2953 [DEBUG] 
2021-04-02 22:59:38.7572 [INFO] 로그인 시도 중...
2021-04-02 22:59:46.8520 [INFO] 로그인 성공. 2021-04-02 오후 10:59:46
2021-04-02 22:59:47.6231 [DEBUG] axKHOpenAPI1_OnReceiveConditionVer
2021-04-02 22:59:47.6471 [INFO] 사용자 조건식 로딩 완료
2021-04-02 23:00:02.4459 [DEBUG] yesterdayHighestVolumeItemButton_Click
2021-04-02 23:00:02.4459 [DEBUG] searchTodayJumpItem
2021-04-02 23:00:02.5239 [DEBUG] axKHOpenAPI1_OnReceiveTrCondition
2021-04-02 23:00:02.5349 [DEBUG] requestTrOpt10001: 039610, trName: 관심종목저장TR요청_어제돈이몰린종목
2021-04-02 23:00:05.6155 [DEBUG] requestTrOpt10001: 042510, trName: 관심종목저장TR요청_어제돈이몰린종목
2021-04-02 23:00:08.6982 [DEBUG] requestTrOpt10001: 095720, trName: 관심종목저장TR요청_어제돈이몰린종목
2021-04-02 23:00:11.7831 [DEBUG] requestTrOpt10001: 322780, trName: 관심종목저장TR요청_어제돈이몰린종목
2021-04-02 23:00:17.8858 [DEBUG] axKHOpenAPI1_OnReceiveTrData
2021-04-02 23:00:17.8968 [DEBUG] opt10001
2021-04-02 23:00:17.8968 [DEBUG] 039610
2021-04-02 23:00:17.9228 [DEBUG] opt10001
2021-04-02 23:00:17.9328 [DEBUG] 주식기본정보요청_관심종목저장TR요청_어제돈이몰린종목
2021-04-02 23:00:17.9498 [DEBUG] axKHOpenAPI1_OnReceiveTrData
2021-04-02 23:00:17.9578 [DEBUG] opt10001
2021-04-02 23:00:17.9578 [DEBUG] 
2021-04-02 23:01:35.6997 [INFO] 로그인 시도 중...
2021-04-02 23:01:44.0328 [INFO] 로그인 성공. 2021-04-02 오후 11:01:44
2021-04-02 23:01:44.7768 [DEBUG] axKHOpenAPI1_OnReceiveConditionVer
2021-04-02 23:01:44.8018 [INFO] 사용자 조건식 로딩 완료
2021-04-02 23:02:02.3253 [DEBUG] yesterdayHighestVolumeItemButton_Click
2021-04-02 23:02:02.3333 [DEBUG] searchTodayJumpItem
2021-04-02 23:02:02.4028 [DEBUG] axKHOpenAPI1_OnReceiveTrCondition
2021-04-02 23:04:38.8279 [INFO] 로그인 시도 중...
2021-04-02 23:04:48.9108 [INFO] 로그인 성공. 2021-04-02 오후 11:04:48
2021-04-02 23:04:49.7785 [DEBUG] axKHOpenAPI1_OnReceiveConditionVer
2021-04-02 23:04:49.8080 [INFO] 사용자 조건식 로딩 완료
2021-04-02 23:05:02.2347 [DEBUG] todayJumpItemButton_Click
2021-04-02 23:05:02.2457 [DEBUG] searchTodayJumpItem
2021-04-02 23:05:02.3262 [DEBUG] axKHOpenAPI1_OnReceiveTrCondition
2021-04-02 23:05:02.3372 [DEBUG] requestTrOpt10001: 066670, trName: 관심종목저장TR요청_총총걸음
2021-04-02 23:05:05.4318 [DEBUG] requestTrOpt10001: 322780, trName: 관심종목저장TR요청_총총걸음
2021-04-02 23:05:11.5501 [DEBUG] axKHOpenAPI1_OnReceiveTrData
2021-04-02 23:05:11.5501 [DEBUG] opt10001
2021-04-02 23:05:11.5751 [DEBUG] 066670
2021-04-02 23:05:11.5971 [DEBUG] opt10001
2021-04-02 23:05:11.5971 [DEBUG] 주식기본정보요청_관심종목저장TR요청_총총걸음
2021-04-02 23:05:11.6267 [DEBUG] axKHOpenAPI1_OnReceiveTrData
2021-04-02 23:05:11.6362 [DEBUG] opt10001
2021-04-02 23:05:11.6472 [DEBUG] 
2021-04-02 23:09:40.0529 [INFO] 로그인 시도 중...
2021-04-02 23:09:53.5450 [INFO] 로그인 성공. 2021-04-02 오후 11:09:53
2021-04-02 23:09:54.4410 [DEBUG] axKHOpenAPI1_OnReceiveConditionVer
2021-04-02 23:09:54.4680 [INFO] 사용자 조건식 로딩 완료
2021-04-02 23:10:04.0065 [DEBUG] todayJumpItemButton_Click
2021-04-02 23:10:04.0065 [DEBUG] searchTodayJumpItem
2021-04-02 23:10:04.0835 [DEBUG] axKHOpenAPI1_OnReceiveTrCondition
2021-04-02 23:10:04.0835 [DEBUG] 066670;322780;
2021-04-02 23:10:38.4168 [DEBUG] requestTrOpt10001: 066670, trName: 관심종목저장TR요청_총총걸음
2021-04-02 23:10:45.7564 [DEBUG] requestTrOpt10001: 322780, trName: 관심종목저장TR요청_총총걸음
2021-04-02 23:10:53.0489 [DEBUG] axKHOpenAPI1_OnReceiveTrData
2021-04-02 23:10:54.1282 [DEBUG] opt10001
2021-04-02 23:10:54.1282 [DEBUG] 066670
2021-04-02 23:10:54.7734 [DEBUG] opt10001
2021-04-02 23:10:55.9458 [DEBUG] 주식기본정보요청_관심종목저장TR요청_총총걸음
2021-04-02 23:10:58.5868 [DEBUG] axKHOpenAPI1_OnReceiveTrData
2021-04-02 23:11:00.1078 [DEBUG] opt10001
2021-04-02 23:11:00.1208 [DEBUG] 
2021-04-02 23:15:38.2706 [INFO] 로그인 시도 중...
2021-04-02 23:15:47.5461 [INFO] 로그인 성공. 2021-04-02 오후 11:15:47
2021-04-02 23:15:48.3942 [DEBUG] axKHOpenAPI1_OnReceiveConditionVer
2021-04-02 23:15:48.4182 [INFO] 사용자 조건식 로딩 완료
2021-04-02 23:16:05.9979 [DEBUG] yesterdayHighestVolumeItemButton_Click
2021-04-02 23:16:06.0079 [DEBUG] searchTodayJumpItem
2021-04-02 23:16:06.0789 [DEBUG] axKHOpenAPI1_OnReceiveTrCondition
2021-04-02 23:16:06.0889 [DEBUG] 039610;042510;095720;322780;
2021-04-02 23:16:06.0970 [DEBUG] requestTrOpt10001: 039610, trName: 관심종목저장TR요청_어제돈이몰린종목
2021-04-02 23:16:09.1771 [DEBUG] requestTrOpt10001: 042510, trName: 관심종목저장TR요청_어제돈이몰린종목
2021-04-02 23:16:12.2536 [DEBUG] requestTrOpt10001: 095720, trName: 관심종목저장TR요청_어제돈이몰린종목
2021-04-02 23:16:15.3336 [DEBUG] requestTrOpt10001: 322780, trName: 관심종목저장TR요청_어제돈이몰린종목
2021-04-02 23:16:18.4165 [DEBUG] axKHOpenAPI1_OnReceiveTrData
2021-04-02 23:16:18.4285 [DEBUG] opt10001
2021-04-02 23:16:18.4285 [DEBUG] 039610
2021-04-02 23:16:18.4545 [DEBUG] opt10001
2021-04-02 23:16:18.4635 [DEBUG] 주식기본정보요청_관심종목저장TR요청_어제돈이몰린종목
2021-04-02 23:16:18.4845 [DEBUG] axKHOpenAPI1_OnReceiveTrData
2021-04-02 23:16:18.4965 [DEBUG] opt10001
2021-04-02 23:16:18.5095 [DEBUG] 
2021-04-02 23:39:08.0768 [INFO] 로그인 시도 중...
2021-04-02 23:39:19.7508 [INFO] 로그인 성공. 2021-04-02 오후 11:39:19
2021-04-02 23:39:22.0608 [DEBUG] axKHOpenAPI1_OnReceiveConditionVer
2021-04-02 23:39:22.1008 [INFO] 사용자 조건식 로딩 완료
2021-04-02 23:40:35.1503 [DEBUG] yesterdayHighestVolumeItemButton_Click
2021-04-02 23:40:35.1503 [DEBUG] searchTodayJumpItem
2021-04-02 23:40:35.2263 [DEBUG] axKHOpenAPI1_OnReceiveTrCondition
2021-04-02 23:40:35.2263 [DEBUG] 039610;042510;095720;322780;
2021-04-02 23:40:35.2483 [DEBUG] requestTrOpt10001: 039610, trName: 관심종목저장TR요청_어제돈이몰린종목
2021-04-02 23:40:35.3703 [DEBUG] requestTrOpt10001 result : 0
2021-04-02 23:40:38.3945 [DEBUG] requestTrOpt10001: 042510, trName: 관심종목저장TR요청_어제돈이몰린종목
2021-04-02 23:40:38.4665 [DEBUG] requestTrOpt10001 result : 0
2021-04-02 23:40:41.4873 [DEBUG] requestTrOpt10001: 095720, trName: 관심종목저장TR요청_어제돈이몰린종목
2021-04-02 23:40:41.5633 [DEBUG] requestTrOpt10001 result : 0
2021-04-02 23:40:44.5782 [DEBUG] requestTrOpt10001: 322780, trName: 관심종목저장TR요청_어제돈이몰린종목
2021-04-02 23:40:44.6532 [DEBUG] requestTrOpt10001 result : 0
2021-04-02 23:40:47.6867 [DEBUG] axKHOpenAPI1_OnReceiveTrData
2021-04-02 23:40:47.6987 [DEBUG] opt10001
2021-04-02 23:40:47.7077 [DEBUG] 039610
2021-04-02 23:40:47.7287 [DEBUG] opt10001
2021-04-02 23:40:47.7397 [DEBUG] 주식기본정보요청_관심종목저장TR요청_어제돈이몰린종목
2021-04-02 23:40:47.7597 [DEBUG] axKHOpenAPI1_OnReceiveTrData
2021-04-02 23:40:47.7707 [DEBUG] opt10001
2021-04-02 23:40:47.7707 [DEBUG] 
2021-04-02 23:50:18.0742 [INFO] 로그인 시도 중...
2021-04-02 23:50:31.9310 [INFO] 로그인 성공. 2021-04-02 오후 11:50:31
2021-04-02 23:50:32.8680 [DEBUG] axKHOpenAPI1_OnReceiveConditionVer
2021-04-02 23:50:32.8900 [INFO] 사용자 조건식 로딩 완료
2021-04-02 23:50:38.8482 [DEBUG] todayJumpItemButton_Click
2021-04-02 23:50:38.8482 [DEBUG] searchTodayJumpItem
2021-04-02 23:50:38.9222 [DEBUG] axKHOpenAPI1_OnReceiveTrCondition
2021-04-02 23:50:38.9322 [DEBUG] 066670;322780;
2021-04-02 23:50:38.9422 [DEBUG] requestTrOpt10001: 066670, trName: 관심종목저장TR요청_총총걸음
2021-04-02 23:50:39.0152 [DEBUG] requestTrOpt10001 result : 0
2021-04-02 23:50:42.0259 [DEBUG] requestTrOpt10001: 322780, trName: 관심종목저장TR요청_총총걸음
2021-04-02 23:50:42.1008 [DEBUG] requestTrOpt10001 result : 0
2021-04-02 23:50:45.1281 [DEBUG] axKHOpenAPI1_OnReceiveTrData
2021-04-02 23:50:45.1281 [DEBUG] opt10001
2021-04-02 23:50:45.1501 [DEBUG] 066670
2021-04-02 23:50:45.1711 [DEBUG] opt10001
2021-04-02 23:50:45.1811 [DEBUG] 주식기본정보요청_관심종목저장TR요청_총총걸음
2021-04-02 23:50:45.2001 [DEBUG] axKHOpenAPI1_OnReceiveTrData
2021-04-02 23:50:45.2081 [DEBUG] opt10001
2021-04-02 23:50:45.2081 [DEBUG] 
2021-04-02 23:59:23.2887 [INFO] 로그인 시도 중...
2021-04-02 23:59:33.2245 [INFO] 로그인 성공. 2021-04-02 오후 11:59:33
2021-04-02 23:59:34.1745 [DEBUG] axKHOpenAPI1_OnReceiveConditionVer
2021-04-02 23:59:34.2015 [INFO] 사용자 조건식 로딩 완료
2021-04-02 23:59:37.6021 [DEBUG] todayJumpItemButton_Click
2021-04-02 23:59:37.6021 [DEBUG] searchTodayJumpItem
2021-04-02 23:59:37.6971 [DEBUG] axKHOpenAPI1_OnReceiveTrCondition
2021-04-02 23:59:37.6971 [DEBUG] 066670;322780;
2021-04-02 23:59:37.7151 [DEBUG] requestTrOpt10001: 066670, trName: 관심종목저장TR요청_총총걸음
2021-04-02 23:59:37.7861 [DEBUG] requestTrOpt10001 result : 0
2021-04-02 23:59:40.7964 [DEBUG] requestTrOpt10001: 322780, trName: 관심종목저장TR요청_총총걸음
2021-04-02 23:59:40.8724 [DEBUG] requestTrOpt10001 result : 0
2021-04-02 23:59:43.8926 [DEBUG] axKHOpenAPI1_OnReceiveTrData
2021-04-02 23:59:43.9046 [DEBUG] opt10001
2021-04-02 23:59:43.9146 [DEBUG] 066670
2021-04-02 23:59:43.9376 [DEBUG] opt10001
2021-04-02 23:59:43.9516 [DEBUG] 주식기본정보요청_관심종목저장TR요청_총총걸음
2021-04-02 23:59:43.9616 [DEBUG] axKHOpenAPI1_OnReceiveTrData
2021-04-02 23:59:43.9776 [DEBUG] opt10001
2021-04-02 23:59:43.9906 [DEBUG] 066670
2021-04-02 23:59:44.0056 [DEBUG] opt10001
2021-04-02 23:59:44.0056 [DEBUG] 주식기본정보요청_관심종목저장TR요청_총총걸음
2021-04-02 23:59:44.0346 [DEBUG] axKHOpenAPI1_OnReceiveTrData
2021-04-02 23:59:44.0346 [DEBUG] opt10001
2021-04-02 23:59:44.0566 [DEBUG] 
