2021-04-03 00:00:43.7391 [INFO] 로그인 시도 중...
2021-04-03 00:00:57.6870 [INFO] 로그인 성공. 2021-04-03 오전 12:00:57
2021-04-03 00:00:58.0960 [DEBUG] axKHOpenAPI1_OnReceiveConditionVer
2021-04-03 00:00:58.1230 [INFO] 사용자 조건식 로딩 완료
2021-04-03 00:01:01.4913 [DEBUG] todayJumpItemButton_Click
2021-04-03 00:01:01.4913 [DEBUG] searchTodayJumpItem
2021-04-03 00:01:01.5833 [DEBUG] axKHOpenAPI1_OnReceiveTrCondition
2021-04-03 00:01:01.5833 [DEBUG] 066670;322780;
2021-04-03 00:01:01.6033 [DEBUG] requestTrOpt10001: 066670, trName: 관심종목저장TR요청_총총걸음
2021-04-03 00:01:01.7243 [DEBUG] requestTrOpt10001 result : 0
2021-04-03 00:01:04.7432 [DEBUG] requestTrOpt10001: 322780, trName: 관심종목저장TR요청_총총걸음
2021-04-03 00:01:04.8472 [DEBUG] requestTrOpt10001 result : 0
2021-04-03 00:01:07.8814 [DEBUG] axKHOpenAPI1_OnReceiveTrData
2021-04-03 00:01:07.8964 [DEBUG] opt10001
2021-04-03 00:01:07.9104 [DEBUG] 066670
2021-04-03 00:01:07.9344 [DEBUG] opt10001
2021-04-03 00:01:07.9474 [DEBUG] 주식기본정보요청_관심종목저장TR요청_총총걸음
2021-04-03 00:01:07.9709 [DEBUG] axKHOpenAPI1_OnReceiveTrData
2021-04-03 00:01:07.9849 [DEBUG] opt10001
2021-04-03 00:01:07.9979 [DEBUG] 
2021-04-03 00:21:17.6728 [INFO] 로그인 시도 중...
2021-04-03 00:21:31.8018 [INFO] 로그인 성공. 2021-04-03 오전 12:21:31
2021-04-03 00:21:32.7908 [DEBUG] axKHOpenAPI1_OnReceiveConditionVer
2021-04-03 00:21:32.8228 [INFO] 사용자 조건식 로딩 완료
2021-04-03 00:21:39.4800 [DEBUG] todayJumpItemButton_Click
2021-04-03 00:21:39.4910 [DEBUG] searchTodayJumpItem
2021-04-03 00:21:39.5770 [DEBUG] axKHOpenAPI1_OnReceiveTrCondition
2021-04-03 00:21:39.5870 [DEBUG] 066670;322780;
2021-04-03 00:21:39.5980 [DEBUG] requestTrOpt10001: 066670, trName: 관심종목저장TR요청_총총걸음
2021-04-03 00:21:39.6960 [DEBUG] requestTrOpt10001 result : 0
2021-04-03 00:21:42.7176 [DEBUG] requestTrOpt10001: 322780, trName: 관심종목저장TR요청_총총걸음
2021-04-03 00:21:42.8186 [DEBUG] requestTrOpt10001 result : 0
2021-04-03 00:21:45.8540 [DEBUG] axKHOpenAPI1_OnReceiveTrData
2021-04-03 00:21:45.8710 [DEBUG] opt10001
2021-04-03 00:21:45.8850 [DEBUG] 066670
2021-04-03 00:21:45.9070 [DEBUG] opt10001
2021-04-03 00:21:45.9160 [DEBUG] 주식기본정보요청_관심종목저장TR요청_총총걸음_066670
2021-04-03 00:21:45.9420 [DEBUG] axKHOpenAPI1_OnReceiveTrData
2021-04-03 00:21:45.9420 [DEBUG] opt10001
2021-04-03 00:21:45.9670 [DEBUG] 322780
2021-04-03 00:21:45.9790 [DEBUG] opt10001
2021-04-03 00:21:45.9910 [DEBUG] 주식기본정보요청_관심종목저장TR요청_총총걸음_322780
